<?xml version="1.0" encoding="UTF-8"?>
<!-- Generated by org.testng.reporters.JUnitReportReporter -->
<testsuite hostname="US-5CG0272TFC" failures="0" tests="1" name="testRunner.TestRunner" time="27.549" errors="0" timestamp="2021-07-18T14:32:15 EET" skipped="0">
  <testcase classname="testRunner.TestRunner" name="runScenario" time="27.549"/>
  <system-out/>
</testsuite> <!-- testRunner.TestRunner -->
